<?xml version="1.0" encoding="UTF-8"?>
<testng-results ignored="0" total="1" passed="1" failed="0" skipped="0">
  <reporter-output>
  </reporter-output>
  <suite started-at="2024-02-12T16:59:25Z" name="Surefire suite" finished-at="2024-02-12T17:00:17Z" duration-ms="51425">
    <groups>
      <group name="cucumber">
        <method signature="AbstractTestNGCucumberTests.runScenario(io.cucumber.testng.PickleWrapper, io.cucumber.testng.FeatureWrapper)[pri:0, instance:Parallel.ParallelRun@3c0be339]" name="runScenario" class="io.cucumber.testng.AbstractTestNGCucumberTests"/>
      </group> <!-- cucumber -->
    </groups>
    <test started-at="2024-02-12T16:59:25Z" name="Surefire test" finished-at="2024-02-12T17:00:17Z" duration-ms="51425">
      <class name="Parallel.ParallelRun">
        <test-method is-config="true" signature="setUpClass()[pri:0, instance:Parallel.ParallelRun@3c0be339]" started-at="2024-02-12T16:59:25Z" name="setUpClass" finished-at="2024-02-12T16:59:26Z" duration-ms="671" status="PASS">
          <reporter-output>
          </reporter-output>
        </test-method> <!-- setUpClass -->
        <test-method signature="runScenario(io.cucumber.testng.PickleWrapper, io.cucumber.testng.FeatureWrapper)[pri:0, instance:Parallel.ParallelRun@3c0be339]" started-at="2024-02-12T16:59:26Z" name="runScenario" description="Runs Cucumber Scenarios" data-provider="scenarios" finished-at="2024-02-12T17:00:17Z" duration-ms="50600" status="PASS">
          <params>
            <param index="0">
              <value>
                <![CDATA["verify move and copy functionality with account owner role."]]>
              </value>
            </param>
            <param index="1">
              <value>
                <![CDATA["Optional[Testing the file functionality of caseup]"]]>
              </value>
            </param>
          </params>
          <reporter-output>
          </reporter-output>
        </test-method> <!-- runScenario -->
        <test-method is-config="true" signature="tearDownClass()[pri:0, instance:Parallel.ParallelRun@3c0be339]" started-at="2024-02-12T17:00:17Z" name="tearDownClass" finished-at="2024-02-12T17:00:17Z" duration-ms="103" status="PASS">
          <reporter-output>
          </reporter-output>
        </test-method> <!-- tearDownClass -->
      </class> <!-- Parallel.ParallelRun -->
    </test> <!-- Surefire test -->
  </suite> <!-- Surefire suite -->
</testng-results>
