<?xml version="1.0" encoding="UTF-8"?>
<testsuite xmlns:xsi="http://www.w3.org/2001/XMLSchema-instance" xsi:noNamespaceSchemaLocation="https://maven.apache.org/surefire/maven-surefire-plugin/xsd/surefire-test-report-3.0.xsd" version="3.0" name="Parallel.ParallelRun" time="52.095" tests="1" errors="0" skipped="0" failures="0">
  <properties>
[...]
</properties>
  <testcase name="runScenario[&quot;verify move and copy functionality with account owner role.&quot;, &quot;Optional[Testing the file functionality of caseup]&quot;](1)" classname="Parallel.ParallelRun" time="50.603">
    <system-out><![CDATA[
@Files
Scenario: verify move and copy functionality with account owner role. # src/test/resources/Parallel/Files.feature:494
browser value is: chrome
  Given user navigate to the caseup baseurl                           # Parallel.LoginTest.user_navigate_to_the_caseup_baseurl()
  When login with account owner role                                  # Parallel.CreateDepositionTest.login_with_account_owner_role()
  Then delete all previous files                                      # Parallel.InviteCollaboratorTest.delete_all_previous_files()
  When click on create new button                                     # Parallel.CreateDepositionTest.click_on_create_new_button()
  Then enter witness name                                             # Parallel.CreateDepositionTest.enter_witness_name()
]]></system-out>
    <system-err><![CDATA[[TestNG-PoolService-0] INFO io.github.bonigarcia.wdm.WebDriverManager - Using chromedriver 121.0.6167.85 (resolved driver for Chrome 121)
[TestNG-PoolService-0] INFO io.github.bonigarcia.wdm.WebDriverManager - Exporting webdriver.chrome.driver as C:\Users\ui-qa-22-1\.cache\selenium\chromedriver\win64\121.0.6167.85\chromedriver.exe
]]></system-err>
  </testcase>
</testsuite>